Build started 6/5/2016 3:30:05 AM.
     1>Project "H:\Escuela\Kinetic\Projects\apiRA\branches\development\sources\AR Library\ExampleUnmanagedDLL.vcxproj" on node 2 (build target(s)).
     1>InitializeBuildStatus:
         Creating "Release\GmixonARapi.unsuccessfulbuild" because "AlwaysCreate" was specified.
       ClCompile:
         C:\Program Files (x86)\Microsoft Visual Studio 10.0\VC\bin\x86_amd64\CL.exe /c /IH:\opencv\build\include\ /IH:\opencv\build\include\opencv /IH:\opencv\build\include\opencv2 /Zi /nologo /W4 /WX- /O2 /GL /D WIN32 /D NDEBUG /D _WINDOWS /D _USRDLL /D EXAMPLEUNMANAGEDDLL_EXPORTS /D _WINDLL /D _UNICODE /D UNICODE /Gm- /EHsc /MD /GS /fp:precise /Zc:wchar_t /Zc:forScope /Fo"Release\\" /Fd"Release\vc100.pdb" /Gd /TP /errorReport:prompt GmixonARapi.cpp
         GmixonARapi.cpp
     1>h:\escuela\kinetic\projects\apira\branches\development\sources\ar library\GmixonARapi.h(79): warning C4251: 'apiAR::camMat' : class 'cv::Mat_<_Tp>' needs to have dll-interface to be used by clients of class 'apiAR'
                 with
                 [
                     _Tp=double
                 ]
     1>h:\escuela\kinetic\projects\apira\branches\development\sources\ar library\GmixonARapi.h(80): warning C4251: 'apiAR::distCoeffs' : class 'cv::Mat_<_Tp>' needs to have dll-interface to be used by clients of class 'apiAR'
                 with
                 [
                     _Tp=double
                 ]
     1>h:\escuela\kinetic\projects\apira\branches\development\sources\ar library\GmixonARapi.h(83): warning C4251: 'apiAR::object_corners_3d' : class 'std::vector<_Ty>' needs to have dll-interface to be used by clients of class 'apiAR'
                 with
                 [
                     _Ty=cv::Point3f
                 ]
     1>h:\escuela\kinetic\projects\apira\branches\development\sources\ar library\GmixonARapi.h(90): warning C4251: 'apiAR::img_scene' : class 'cv::Mat' needs to have dll-interface to be used by clients of class 'apiAR'
                 H:\opencv\build\include\opencv2/core/core.hpp(1689) : see declaration of 'cv::Mat'
     1>h:\escuela\kinetic\projects\apira\branches\development\sources\ar library\GmixonARapi.h(91): warning C4251: 'apiAR::prev_img_scene' : class 'cv::Mat' needs to have dll-interface to be used by clients of class 'apiAR'
                 H:\opencv\build\include\opencv2/core/core.hpp(1689) : see declaration of 'cv::Mat'
     1>h:\escuela\kinetic\projects\apira\branches\development\sources\ar library\GmixonARapi.h(92): warning C4251: 'apiAR::img_object' : class 'cv::Mat' needs to have dll-interface to be used by clients of class 'apiAR'
                 H:\opencv\build\include\opencv2/core/core.hpp(1689) : see declaration of 'cv::Mat'
     1>h:\escuela\kinetic\projects\apira\branches\development\sources\ar library\GmixonARapi.h(95): warning C4251: 'apiAR::KF' : class 'cv::KalmanFilter' needs to have dll-interface to be used by clients of class 'apiAR'
                 H:\opencv\build\include\opencv2/video/tracking.hpp(266) : see declaration of 'cv::KalmanFilter'
     1>h:\escuela\kinetic\projects\apira\branches\development\sources\ar library\GmixonARapi.h(96): warning C4251: 'apiAR::measurement' : class 'cv::Mat_<_Tp>' needs to have dll-interface to be used by clients of class 'apiAR'
                 with
                 [
                     _Tp=float
                 ]
     1>h:\escuela\kinetic\projects\apira\branches\development\sources\ar library\GmixonARapi.h(97): warning C4251: 'apiAR::state' : class 'cv::Mat_<_Tp>' needs to have dll-interface to be used by clients of class 'apiAR'
                 with
                 [
                     _Tp=float
                 ]
     1>h:\escuela\kinetic\projects\apira\branches\development\sources\ar library\GmixonARapi.h(101): warning C4251: 'apiAR::gray' : class 'cv::Mat' needs to have dll-interface to be used by clients of class 'apiAR'
                 H:\opencv\build\include\opencv2/core/core.hpp(1689) : see declaration of 'cv::Mat'
     1>h:\escuela\kinetic\projects\apira\branches\development\sources\ar library\GmixonARapi.h(101): warning C4251: 'apiAR::prevGray' : class 'cv::Mat' needs to have dll-interface to be used by clients of class 'apiAR'
                 H:\opencv\build\include\opencv2/core/core.hpp(1689) : see declaration of 'cv::Mat'
     1>h:\escuela\kinetic\projects\apira\branches\development\sources\ar library\GmixonARapi.h(101): warning C4251: 'apiAR::image' : class 'cv::Mat' needs to have dll-interface to be used by clients of class 'apiAR'
                 H:\opencv\build\include\opencv2/core/core.hpp(1689) : see declaration of 'cv::Mat'
     1>h:\escuela\kinetic\projects\apira\branches\development\sources\ar library\GmixonARapi.h(102): warning C4251: 'apiAR::points' : class 'std::vector<_Ty>' needs to have dll-interface to be used by clients of class 'apiAR'
                 with
                 [
                     _Ty=cv::Point2f
                 ]
     1>h:\escuela\kinetic\projects\apira\branches\development\sources\ar library\GmixonARapi.h(103): warning C4251: 'apiAR::of_model_points' : class 'std::vector<_Ty>' needs to have dll-interface to be used by clients of class 'apiAR'
                 with
                 [
                     _Ty=cv::Point2f
                 ]
     1>h:\escuela\kinetic\projects\apira\branches\development\sources\ar library\GmixonARapi.h(105): warning C4251: 'apiAR::myROI' : class 'cv::Rect_<_Tp>' needs to have dll-interface to be used by clients of class 'apiAR'
                 with
                 [
                     _Tp=int
                 ]
     1>h:\escuela\kinetic\projects\apira\branches\development\sources\ar library\GmixonARapi.h(106): warning C4251: 'apiAR::optical_flow_obj_corners' : class 'std::vector<_Ty>' needs to have dll-interface to be used by clients of class 'apiAR'
                 with
                 [
                     _Ty=cv::Point2f
                 ]
     1>h:\escuela\kinetic\projects\apira\branches\development\sources\ar library\GmixonARapi.h(109): warning C4251: 'apiAR::detector' : class 'cv::SURF' needs to have dll-interface to be used by clients of class 'apiAR'
                 H:\opencv\build\include\opencv2/nonfree/features2d.hpp(107) : see declaration of 'cv::SURF'
     1>h:\escuela\kinetic\projects\apira\branches\development\sources\ar library\GmixonARapi.h(110): warning C4251: 'apiAR::extractor' : class 'cv::SURF' needs to have dll-interface to be used by clients of class 'apiAR'
                 H:\opencv\build\include\opencv2/nonfree/features2d.hpp(107) : see declaration of 'cv::SURF'
     1>h:\escuela\kinetic\projects\apira\branches\development\sources\ar library\GmixonARapi.h(121): warning C4251: 'apiAR::keypoints_object' : class 'std::vector<_Ty>' needs to have dll-interface to be used by clients of class 'apiAR'
                 with
                 [
                     _Ty=cv::KeyPoint
                 ]
     1>h:\escuela\kinetic\projects\apira\branches\development\sources\ar library\GmixonARapi.h(121): warning C4251: 'apiAR::keypoints_scene' : class 'std::vector<_Ty>' needs to have dll-interface to be used by clients of class 'apiAR'
                 with
                 [
                     _Ty=cv::KeyPoint
                 ]
     1>h:\escuela\kinetic\projects\apira\branches\development\sources\ar library\GmixonARapi.h(122): warning C4251: 'apiAR::descriptors_object' : class 'cv::Mat' needs to have dll-interface to be used by clients of class 'apiAR'
                 H:\opencv\build\include\opencv2/core/core.hpp(1689) : see declaration of 'cv::Mat'
     1>h:\escuela\kinetic\projects\apira\branches\development\sources\ar library\GmixonARapi.h(122): warning C4251: 'apiAR::descriptors_scene' : class 'cv::Mat' needs to have dll-interface to be used by clients of class 'apiAR'
                 H:\opencv\build\include\opencv2/core/core.hpp(1689) : see declaration of 'cv::Mat'
     1>h:\escuela\kinetic\projects\apira\branches\development\sources\ar library\GmixonARapi.h(123): warning C4251: 'apiAR::matcher' : class 'cv::FlannBasedMatcher' needs to have dll-interface to be used by clients of class 'apiAR'
                 H:\opencv\build\include\opencv2/features2d/features2d.hpp(1226) : see declaration of 'cv::FlannBasedMatcher'
     1>h:\escuela\kinetic\projects\apira\branches\development\sources\ar library\GmixonARapi.h(125): warning C4251: 'apiAR::rotMat' : class 'cv::Mat_<_Tp>' needs to have dll-interface to be used by clients of class 'apiAR'
                 with
                 [
                     _Tp=float
                 ]
     1>h:\escuela\kinetic\projects\apira\branches\development\sources\ar library\GmixonARapi.h(126): warning C4251: 'apiAR::Tvec' : class 'cv::Mat_<_Tp>' needs to have dll-interface to be used by clients of class 'apiAR'
                 with
                 [
                     _Tp=float
                 ]
     1>h:\escuela\kinetic\projects\apira\branches\development\sources\ar library\GmixonARapi.h(128): warning C4251: 'apiAR::raux' : class 'cv::Mat' needs to have dll-interface to be used by clients of class 'apiAR'
                 H:\opencv\build\include\opencv2/core/core.hpp(1689) : see declaration of 'cv::Mat'
     1>h:\escuela\kinetic\projects\apira\branches\development\sources\ar library\GmixonARapi.h(128): warning C4251: 'apiAR::taux' : class 'cv::Mat' needs to have dll-interface to be used by clients of class 'apiAR'
                 H:\opencv\build\include\opencv2/core/core.hpp(1689) : see declaration of 'cv::Mat'
     1>GmixonARapi.cpp(41): warning C4100: 'userdata' : unreferenced formal parameter
     1>GmixonARapi.cpp(41): warning C4100: 'line' : unreferenced formal parameter
     1>GmixonARapi.cpp(40): warning C4100: 'file_name' : unreferenced formal parameter
     1>GmixonARapi.cpp(40): warning C4100: 'err_msg' : unreferenced formal parameter
     1>GmixonARapi.cpp(39): warning C4100: 'func_name' : unreferenced formal parameter
     1>GmixonARapi.cpp(39): warning C4100: 'status' : unreferenced formal parameter
     1>GmixonARapi.cpp(57): warning C4100: 'object_image_path' : unreferenced formal parameter
     1>GmixonARapi.cpp(415): warning C4244: 'initializing' : conversion from 'double' to 'float', possible loss of data
     1>GmixonARapi.cpp(434): warning C4244: 'initializing' : conversion from 'double' to 'float', possible loss of data
     1>GmixonARapi.cpp(415): warning C4189: 'surf_time' : local variable is initialized but not referenced
     1>GmixonARapi.cpp(434): warning C4189: 'homography_time' : local variable is initialized but not referenced
     1>GmixonARapi.cpp(541): warning C4244: 'argument' : conversion from 'double' to 'int', possible loss of data
     1>GmixonARapi.cpp(541): warning C4244: 'argument' : conversion from 'double' to 'int', possible loss of data
     1>GmixonARapi.cpp(541): warning C4244: 'argument' : conversion from 'double' to 'int', possible loss of data
     1>GmixonARapi.cpp(541): warning C4244: 'argument' : conversion from 'double' to 'int', possible loss of data
     1>GmixonARapi.cpp(593): warning C4309: '=' : truncation of constant value
     1>GmixonARapi.cpp(604): warning C4267: 'argument' : conversion from 'size_t' to 'int', possible loss of data
     1>GmixonARapi.cpp(605): warning C4309: '=' : truncation of constant value
     1>GmixonARapi.cpp(672): warning C4267: 'initializing' : conversion from 'size_t' to 'int', possible loss of data
     1>GmixonARapi.cpp(1082): warning C4554: '&' : check operator precedence for possible error; use parentheses to clarify precedence
       Link:
         C:\Program Files (x86)\Microsoft Visual Studio 10.0\VC\bin\x86_amd64\link.exe /ERRORREPORT:PROMPT /OUT:"H:\Escuela\Kinetic\Projects\apiRA\branches\development\sources\AR Library\Release\GmixonARapi.dll" /INCREMENTAL:NO /NOLOGO /LIBPATH:H:\opencv\build\x64\vc10\lib opencv_core249.lib opencv_imgproc249.lib opencv_highgui249.lib opencv_objdetect249.lib opencv_features2d249.lib opencv_flann249.lib opencv_nonfree249.lib opencv_calib3d249.lib opencv_gpu249.lib opencv_contrib249.lib opencv_video249.lib kernel32.lib user32.lib gdi32.lib winspool.lib comdlg32.lib advapi32.lib shell32.lib ole32.lib oleaut32.lib uuid.lib odbc32.lib odbccp32.lib /MANIFEST /ManifestFile:"Release\GmixonARapi.dll.intermediate.manifest" /MANIFESTUAC:"level='asInvoker' uiAccess='false'" /DEBUG /PDB:"H:\Escuela\Kinetic\Projects\apiRA\branches\development\sources\AR Library\Release\GmixonARapi.pdb" /SUBSYSTEM:WINDOWS /OPT:REF /OPT:ICF /LTCG /TLBID:1 /DYNAMICBASE /NXCOMPAT /IMPLIB:"H:\Escuela\Kinetic\Projects\apiRA\branches\development\sources\AR Library\Release\GmixonARapi.lib" /MACHINE:X64 /DLL Release\GmixonARapi.obj
         Release\TestClassCallers.obj
            Creating library H:\Escuela\Kinetic\Projects\apiRA\branches\development\sources\AR Library\Release\GmixonARapi.lib and object H:\Escuela\Kinetic\Projects\apiRA\branches\development\sources\AR Library\Release\GmixonARapi.exp
         Generating code
         Finished generating code
         ExampleUnmanagedDLL.vcxproj -> H:\Escuela\Kinetic\Projects\apiRA\branches\development\sources\AR Library\Release\GmixonARapi.dll
       Manifest:
         C:\Program Files (x86)\Microsoft SDKs\Windows\v7.0A\bin\mt.exe /nologo /verbose /outputresource:"H:\Escuela\Kinetic\Projects\apiRA\branches\development\sources\AR Library\Release\GmixonARapi.dll;#2" /manifest Release\GmixonARapi.dll.intermediate.manifest
       FinalizeBuildStatus:
         Deleting file "Release\GmixonARapi.unsuccessfulbuild".
         Touching "Release\GmixonARapi.lastbuildstate".
     1>Done Building Project "H:\Escuela\Kinetic\Projects\apiRA\branches\development\sources\AR Library\ExampleUnmanagedDLL.vcxproj" (build target(s)).

Build succeeded.

Time Elapsed 00:00:03.60
